#
# There is insufficient memory for the Java Runtime Environment to continue.
# Native memory allocation (mmap) failed to map 268435456 bytes for Failed to commit area from 0x00000006c0c00000 to 0x00000006d0c00000 of length 268435456.
# Possible reasons:
#   The system is out of physical RAM or swap space
#   The process is running with CompressedOops enabled, and the Java Heap may be blocking the growth of the native heap
# Possible solutions:
#   Reduce memory load on the system
#   Increase physical memory or swap space
#   Check if swap backing store is full
#   Decrease Java heap size (-Xmx/-Xms)
#   Decrease number of Java threads
#   Decrease Java thread stack sizes (-Xss)
#   Set larger code cache with -XX:ReservedCodeCacheSize=
# This output file may be truncated or incomplete.
#
#  Out of Memory Error (t:/workspace/open/src/hotspot/os/windows/os_windows.cpp:3221), pid=26920, tid=17516
#
# JRE version:  (10.0.2+13) (build )
# Java VM: Java HotSpot(TM) 64-Bit Server VM (10.0.2+13, mixed mode, aot, tiered, compressed oops, g1 gc, windows-amd64)
# No core dump will be written. Minidumps are not enabled by default on client versions of Windows
#

---------------  S U M M A R Y ------------

Command Line: -Dfile.encoding=Cp1252 pigs.pigsApp

Host: AMD Ryzen 5 1600X Six-Core Processor           , 12 cores, 15G,  Windows 10 , 64 bit Build 17134 (10.0.17134.1)
Time: Wed Sep 26 16:01:30 2018 Romance Summer Time elapsed time: 0 seconds (0d 0h 0m 0s)

---------------  T H R E A D  ---------------

Current thread (0x0000025b8974d800):  JavaThread "Unknown thread" [_thread_in_vm, id=17516, stack(0x000000af3d800000,0x000000af3d900000)]

Stack: [0x000000af3d800000,0x000000af3d900000]
Native frames: (J=compiled Java code, j=interpreted, Vv=VM code, C=native code)
V  [jvm.dll+0x5a01a9]
V  [jvm.dll+0x6bcf31]
V  [jvm.dll+0x6be126]
V  [jvm.dll+0x6be7b3]
V  [jvm.dll+0x234978]
V  [jvm.dll+0x59dac4]
V  [jvm.dll+0x592825]
V  [jvm.dll+0x2f632b]
V  [jvm.dll+0x2f6295]
V  [jvm.dll+0x2f6172]
V  [jvm.dll+0x2f8366]
V  [jvm.dll+0x344293]
V  [jvm.dll+0x3449a6]
V  [jvm.dll+0x344393]
V  [jvm.dll+0x2c4628]
V  [jvm.dll+0x2c5771]
V  [jvm.dll+0x69d1db]
V  [jvm.dll+0x69e9fc]
V  [jvm.dll+0x3519e9]
V  [jvm.dll+0x6856a2]
V  [jvm.dll+0x3ba0c3]
V  [jvm.dll+0x3bc261]
C  [javaw.exe+0x3541]
C  [javaw.exe+0xe1cf]
C  [javaw.exe+0xe376]
C  [KERNEL32.DLL+0x13034]
C  [ntdll.dll+0x71461]


---------------  P R O C E S S  ---------------

Threads class SMR info:
_java_thread_list=0x0000025b87579170, length=0, elements={
}

Java Threads: ( => current thread )

Other Threads:
  0x0000025b89765000 GCTaskThread "GC Thread#0" [stack: 0x000000af3d900000,0x000000af3da00000] [id=22608]
  0x0000025b89768800 GCTaskThread "GC Thread#1" [stack: 0x000000af3da00000,0x000000af3db00000] [id=11460]
  0x0000025b8976b000 GCTaskThread "GC Thread#2" [stack: 0x000000af3db00000,0x000000af3dc00000] [id=27436]
  0x0000025b8976e000 GCTaskThread "GC Thread#3" [stack: 0x000000af3dc00000,0x000000af3dd00000] [id=27480]
  0x0000025b89779800 GCTaskThread "GC Thread#4" [stack: 0x000000af3dd00000,0x000000af3de00000] [id=28084]
  0x0000025b8977d000 GCTaskThread "GC Thread#5" [stack: 0x000000af3de00000,0x000000af3df00000] [id=27452]
  0x0000025b89781800 GCTaskThread "GC Thread#6" [stack: 0x000000af3df00000,0x000000af3e000000] [id=27464]
  0x0000025b89783800 GCTaskThread "GC Thread#7" [stack: 0x000000af3e000000,0x000000af3e100000] [id=19288]
  0x0000025b89784800 GCTaskThread "GC Thread#8" [stack: 0x000000af3e100000,0x000000af3e200000] [id=19036]
  0x0000025b89785800 GCTaskThread "GC Thread#9" [stack: 0x000000af3e200000,0x000000af3e300000] [id=28408]
  0x0000025b897cf000 ConcurrentGCThread "G1 Main Marker" [stack: 0x000000af3e300000,0x000000af3e400000] [id=11776]
  0x0000025b897d2000 ConcurrentGCThread "G1 Conc#0" [stack: 0x000000af3e400000,0x000000af3e500000] [id=27288]
  0x0000025b897d5000 ConcurrentGCThread "G1 Conc#1" [stack: 0x000000af3e500000,0x000000af3e600000] [id=28564]
  0x0000025b897d6000 ConcurrentGCThread "G1 Conc#2" [stack: 0x000000af3e600000,0x000000af3e700000] [id=27968]

[error occurred during error reporting (printing all threads), id 0xe0000002]

VM state:not at safepoint (not fully initialized)

VM Mutex/Monitor currently owned by a thread:  ([mutex/lock_event])
[0x0000025b8974b320] Heap_lock - owner thread: 0x0000025b8974d800

Heap address: 0x00000006c0c00000, size: 4084 MB, Compressed Oops mode: Non-zero based: 0x00000006c0c00000
Narrow klass base: 0x0000000000000000, Narrow klass shift: 0

GC Heap History (0 events):
No events

Deoptimization events (0 events):
No events

Classes redefined (0 events):
No events

Internal exceptions (0 events):
No events

Events (0 events):
No events


Dynamic libraries:
0x00007ff6aef30000 - 0x00007ff6aef6e000 	C:\Program Files\Java\jre-10.0.2\bin\javaw.exe
0x00007ffb1d1d0000 - 0x00007ffb1d3b1000 	C:\WINDOWS\SYSTEM32\ntdll.dll
0x00007ffb1a6f0000 - 0x00007ffb1a7a2000 	C:\WINDOWS\System32\KERNEL32.DLL
0x00007ffb19ed0000 - 0x00007ffb1a143000 	C:\WINDOWS\System32\KERNELBASE.dll
0x00007ffb1c2a0000 - 0x00007ffb1c341000 	C:\WINDOWS\System32\ADVAPI32.dll
0x00007ffb1a900000 - 0x00007ffb1a99e000 	C:\WINDOWS\System32\msvcrt.dll
0x00007ffb1c830000 - 0x00007ffb1c88b000 	C:\WINDOWS\System32\sechost.dll
0x00007ffb1cec0000 - 0x00007ffb1cfe4000 	C:\WINDOWS\System32\RPCRT4.dll
0x00007ffb1c890000 - 0x00007ffb1ca20000 	C:\WINDOWS\System32\USER32.dll
0x00007ffb1a3a0000 - 0x00007ffb1a3c0000 	C:\WINDOWS\System32\win32u.dll
0x00007ffb1a660000 - 0x00007ffb1a688000 	C:\WINDOWS\System32\GDI32.dll
0x00007ffb1a4c0000 - 0x00007ffb1a652000 	C:\WINDOWS\System32\gdi32full.dll
0x00007ffb19db0000 - 0x00007ffb19e4f000 	C:\WINDOWS\System32\msvcp_win.dll
0x00007ffb1a3c0000 - 0x00007ffb1a4ba000 	C:\WINDOWS\System32\ucrtbase.dll
0x00007ffb10c30000 - 0x00007ffb10e99000 	C:\WINDOWS\WinSxS\amd64_microsoft.windows.common-controls_6595b64144ccf1df_6.0.17134.285_none_fb4297e330656775\COMCTL32.dll
0x00007ffb143a0000 - 0x00007ffb143aa000 	C:\WINDOWS\SYSTEM32\VERSION.dll
0x00007ffb1a9a0000 - 0x00007ffb1acc3000 	C:\WINDOWS\System32\combase.dll
0x00007ffb19e50000 - 0x00007ffb19eca000 	C:\WINDOWS\System32\bcryptPrimitives.dll
0x00007ffb1ca20000 - 0x00007ffb1ca4d000 	C:\WINDOWS\System32\IMM32.DLL
0x00007ffaf4290000 - 0x00007ffaf437f000 	C:\Program Files\Java\jre-10.0.2\bin\msvcr120.dll
0x00007ffaf41e0000 - 0x00007ffaf4286000 	C:\Program Files\Java\jre-10.0.2\bin\msvcp120.dll
0x000000005d190000 - 0x000000005dc00000 	C:\Program Files\Java\jre-10.0.2\bin\server\jvm.dll
0x00007ffb1c680000 - 0x00007ffb1c688000 	C:\WINDOWS\System32\PSAPI.DLL
0x00007ffb06fc0000 - 0x00007ffb06fc9000 	C:\WINDOWS\SYSTEM32\WSOCK32.dll
0x00007ffb16ac0000 - 0x00007ffb16ae3000 	C:\WINDOWS\SYSTEM32\WINMM.dll
0x00007ffb1c4c0000 - 0x00007ffb1c52c000 	C:\WINDOWS\System32\WS2_32.dll
0x00007ffb16780000 - 0x00007ffb167aa000 	C:\WINDOWS\SYSTEM32\WINMMBASE.dll
0x00007ffb19d60000 - 0x00007ffb19da9000 	C:\WINDOWS\System32\cfgmgr32.dll
0x00007ffb16270000 - 0x00007ffb1627f000 	C:\Program Files\Java\jre-10.0.2\bin\verify.dll
0x00007ffb05fd0000 - 0x00007ffb06199000 	C:\WINDOWS\SYSTEM32\DBGHELP.DLL
0x00007ffb04660000 - 0x00007ffb04689000 	C:\WINDOWS\SYSTEM32\dbgcore.DLL
0x00007ffb11490000 - 0x00007ffb114b7000 	C:\Program Files\Java\jre-10.0.2\bin\java.dll
0x00007ffb0c530000 - 0x00007ffb0c546000 	C:\Program Files\Java\jre-10.0.2\bin\zip.dll
0x00007ffb16250000 - 0x00007ffb1625a000 	C:\Program Files\Java\jre-10.0.2\bin\jimage.dll

dbghelp: loaded successfully - version: 4.0.5 - missing functions: none
symbol engine: initialized successfully - sym options: 0x614 - pdb path: .;C:\Program Files\Java\jre-10.0.2\bin;C:\WINDOWS\SYSTEM32;C:\WINDOWS\WinSxS\amd64_microsoft.windows.common-controls_6595b64144ccf1df_6.0.17134.285_none_fb4297e330656775;C:\Program Files\Java\jre-10.0.2\bin\server

VM Arguments:
jvm_args: -Dfile.encoding=Cp1252 
java_command: pigs.pigsApp
java_class_path (initial): C:\Users\Casper\Documents\GitHub\skole\skole\Pro-Projekt1\bin
Launcher Type: SUN_STANDARD

Logging:
Log output configuration:
#0: stdout all=warning uptime,level,tags
#1: stderr all=off uptime,level,tags

Environment Variables:
PATH=C:/Program Files/Java/jre1.8.0_181/bin/server;C:/Program Files/Java/jre1.8.0_181/bin;C:/Program Files/Java/jre1.8.0_181/lib/amd64;C:\Program Files (x86)\Common Files\Oracle\Java\javapath;C:\Program Files (x86)\iis express\PHP\v5.6;C:\ProgramData\Oracle\Java\javapath;C:\Windows\system32;C:\Windows;C:\Windows\System32\Wbem;C:\Windows\System32\WindowsPowerShell\v1.0\;C:\Program Files (x86)\NVIDIA Corporation\PhysX\Common;C:\Program Files (x86)\Skype\Phone\;C:\Program Files (x86)\GtkSharp\2.12\bin;C:\Users\Casper\AppData\Local\Microsoft\WindowsApps;C:\WINDOWS\system32;C:\WINDOWS;C:\WINDOWS\System32\Wbem;C:\WINDOWS\System32\WindowsPowerShell\v1.0\;C:\Program Files\PuTTY\;C:\MinGW\bin;C:\WINDOWS\System32\OpenSSH\;C:\Program Files\Git\cmd;C:\Users\Casper\AppData\Local\Microsoft\WindowsApps;C:\Program Files\Microsoft VS Code\bin;C:\Users\Casper\AppData\Local\GitHubDesktop\bin;C:\WINDOWS\System32;
USERNAME=Casper
OS=Windows_NT
PROCESSOR_IDENTIFIER=AMD64 Family 23 Model 1 Stepping 1, AuthenticAMD



---------------  S Y S T E M  ---------------

OS: Windows 10 , 64 bit Build 17134 (10.0.17134.1)

CPU:total 12 (initial active 12) (12 cores per cpu, 2 threads per core) family 23 model 1 stepping 1, cmov, cx8, fxsr, mmx, sse, sse2, sse3, ssse3, sse4.1, sse4.2, popcnt, avx, avx2, aes, clmul, mmxext, 3dnowpref, lzcnt, sse4a, ht, tsc, tscinvbit, tscinv, bmi1, bmi2, adx, sha, fma

Memory: 4k page, physical 16727252k(11280520k free), swap 20270620k(122992k free)

vm_info: Java HotSpot(TM) 64-Bit Server VM (10.0.2+13) for windows-amd64 JRE (10.0.2+13), built on Jun 28 2018 01:57:56 by "mach5one" with MS VC++ 12.0 (VS2013)

END.
